<?xml version="1.0" encoding="UTF-8"?><testsuite errors="1" failures="0" name="UTest" skipped="0" tests="1" time="34.44" timestamp="2022-04-12 02:17:25"><testcase name="Create a user"><error message="Arity mismatch: Step Definition 'co.com.uTest.creacionFormulario.stepdefinitions.uTestStepDefinitions.lookForTheResourcesOfCreatingUserOnTheUTESTPage(String) in file:/C:/Users/Alext28/IdeaProjects/co.com.uTest.creacionFormulario/build/classes/java/test/' with pattern [^Look for the resources of creating user on the UTEST page$] is declared with 1 parameters. However, the gherkin step has 0 arguments []. &#10;Step text: Look for the resources of creating user on the UTEST page" type="cucumber.runtime.CucumberException">Arity mismatch: Step Definition 'co.com.uTest.creacionFormulario.stepdefinitions.uTestStepDefinitions.lookForTheResourcesOfCreatingUserOnTheUTESTPage(String) in file:/C:/Users/Alext28/IdeaProjects/co.com.uTest.creacionFormulario/build/classes/java/test/' with pattern [^Look for the resources of creating user on the UTEST page$] is declared with 1 parameters. However, the gherkin step has 0 arguments []. 
Step text: Look for the resources of creating user on the UTEST page</error><system-err>Arity mismatch: Step Definition 'co.com.uTest.creacionFormulario.stepdefinitions.uTestStepDefinitions.lookForTheResourcesOfCreatingUserOnTheUTESTPage(String) in file:/C:/Users/Alext28/IdeaProjects/co.com.uTest.creacionFormulario/build/classes/java/test/' with pattern [^Look for the resources of creating user on the UTEST page$] is declared with 1 parameters. However, the gherkin step has 0 arguments []. 
Step text: Look for the resources of creating user on the UTEST page&#13;
cucumber.runner.Runner.runPickle(Runner.java:80)&#13;
</system-err></testcase></testsuite>